#Residue         Para         Anti         3-10        Alpha           Pi         Turn         Bend
       1       0.0000       0.0000       0.0000       0.0000       0.0000       0.0000       0.0000
       2       0.0000       0.0000       0.0000       0.0000       0.0000       0.0000       0.0000
       3       0.0000       0.0000       0.0000       0.0000       0.0000       0.0000       0.0673
       4       0.0000       0.0000       0.0000       0.3876       0.0007       0.0152       0.5519
       5       0.0000       0.0000       0.0264       0.8881       0.0016       0.0793       0.0047
       6       0.0000       0.0000       0.0264       0.9137       0.0018       0.0582       0.0000
       7       0.0000       0.0000       0.0264       0.9353       0.0018       0.0357       0.0001
       8       0.0000       0.0000       0.0032       0.9554       0.0018       0.0394       0.0003
       9       0.0000       0.0000       0.0022       0.9117       0.0015       0.0837       0.0009
      10       0.0000       0.0000       0.0021       0.9696       0.0002       0.0256       0.0024
      11       0.0000       0.0000       0.0013       0.9859       0.0000       0.0097       0.0029
      12       0.0000       0.0000       0.0008       0.9889       0.0001       0.0102       0.0000
      13       0.0000       0.0000       0.0011       0.9859       0.0001       0.0129       0.0000
      14       0.0000       0.0000       0.0015       0.9852       0.0001       0.0132       0.0000
      15       0.0000       0.0000       0.0015       0.9505       0.0001       0.0471       0.0008
      16       0.0000       0.0000       0.0022       0.9089       0.0001       0.0796       0.0089
      17       0.0000       0.0000       0.0017       0.9683       0.0000       0.0288       0.0003
      18       0.0000       0.0000       0.0015       0.9574       0.0000       0.0393       0.0012
      19       0.0000       0.0000       0.0008       0.9861       0.0000       0.0126       0.0002
      20       0.0000       0.0000       0.0010       0.9938       0.0000       0.0050       0.0003
      21       0.0000       0.0000       0.0022       0.9907       0.0000       0.0063       0.0009
      22       0.0000       0.0000       0.0031       0.9807       0.0000       0.0162       0.0001
      23       0.0000       0.0000       0.0051       0.9361       0.0000       0.0579       0.0009
      24       0.0000       0.0000       0.0034       0.8370       0.0000       0.1340       0.0213
      25       0.0000       0.0000       0.0023       0.3025       0.0000       0.3909       0.0000
      26       0.0000       0.0000       0.0000       0.0000       0.0000       0.0000       0.0000
